
  ==========================================
  Studio Pro version: 9.6.5
  Started at: 11/10/2023 10:37:47
  ==========================================
  

[2023-10-11T16:47:38.753Z] : [info]: Internet connection // error

[2023-10-11T16:48:40.154Z] : [success]: Connection to our licenses server is restored

[2023-10-11T18:34:38.572Z] : [success]: Robot saved successfully

[2023-10-11T18:34:38.782Z] : [info]: ---------------------------------------------

[2023-10-11T18:34:38.784Z] : [success]: Bot started

[2023-10-11T18:34:38.787Z] : [info]: Robot start

[2023-10-11T18:40:10.638Z] : [error]: Canceled by user

[2023-10-11T18:40:11.152Z] : [info]: Total execution time: 5m 31s 851ms

[2023-10-11T18:40:11.154Z] : [info]: ---------------------------------------------

[2023-10-11T18:40:25.482Z] : [success]: Bot started

[2023-10-11T18:40:25.487Z] : [info]: Robot start

[2023-10-11T18:40:38.805Z] : [error]: Canceled by user

[2023-10-11T18:40:39.152Z] : [info]: Total execution time: 13s 318ms

[2023-10-11T18:40:39.156Z] : [info]: ---------------------------------------------

[2023-10-11T18:41:36.557Z] : [success]: Bot started

[2023-10-11T18:41:36.559Z] : [info]: Robot start

[2023-10-11T18:41:56.922Z] : [success]: Bot finished successfully, total execution time: 20s 361ms

[2023-10-11T18:41:56.925Z] : [info]: ---------------------------------------------

[2023-10-12T12:59:44.779Z] : [info]: Internet connection // error

[2023-10-12T12:59:46.989Z] : [success]: Connection to our licenses server is restored

[2023-10-12T19:24:14.218Z] : [warn]: There is a small amount of free memory (RAM) left, 90.21% of RAM is being used (14481 MBs). The performance of Studio Pro and bots during execution may be unstable. Close applications that are not being used, increase the memory, or optimize the workflow.

[2023-10-12T19:33:14.213Z] : [warn]: There is a small amount of free memory (RAM) left, 90.19% of RAM is being used (14478 MBs). The performance of Studio Pro and bots during execution may be unstable. Close applications that are not being used, increase the memory, or optimize the workflow.

[2023-10-13T00:08:54.840Z] : [success]: Robot saved successfully

[2023-10-13T00:08:57.547Z] : [error]: Cannot read properties of null (reading 'type')

