
  ==========================================
  Studio Pro version: 9.6.5
  Started at: 31/10/2023 08:25:39
  ==========================================
  

[2023-10-31T18:14:06.798Z] : [success]: Robot saved successfully

[2023-10-31T18:20:18.923Z] : [success]: Robot saved successfully

[2023-10-31T18:20:19.057Z] : [info]: ---------------------------------------------

[2023-10-31T18:20:19.060Z] : [success]: Bot started

[2023-10-31T18:20:19.062Z] : [info]: Robot start

[2023-10-31T18:20:39.018Z] : [error]: Canceled by user

[2023-10-31T18:20:39.445Z] : [info]: Total execution time: 19s 954ms

[2023-10-31T18:20:39.450Z] : [info]: ---------------------------------------------

[2023-10-31T18:50:37.047Z] : [success]: Bot started

[2023-10-31T18:50:37.050Z] : [info]: Robot start

[2023-10-31T18:51:00.469Z] : [success]: Bot finished successfully, total execution time: 23s 412ms

[2023-10-31T18:51:00.471Z] : [info]: ---------------------------------------------

[2023-10-31T19:06:47.345Z] : [success]: Bot started

[2023-10-31T19:06:47.348Z] : [info]: Robot start

[2023-10-31T19:07:13.891Z] : [success]: Bot finished successfully, total execution time: 26s 540ms

[2023-10-31T19:07:13.894Z] : [info]: ---------------------------------------------

[2023-10-31T19:09:31.499Z] : [success]: Bot started

[2023-10-31T19:09:31.501Z] : [info]: Robot start

[2023-10-31T19:09:53.922Z] : [success]: Bot finished successfully, total execution time: 22s 417ms

[2023-10-31T19:09:53.924Z] : [info]: ---------------------------------------------

[2023-10-31T19:16:38.135Z] : [warn]: There is a small amount of free memory (RAM) left, 90.85% of RAM is being used (14584 MBs). The performance of Studio Pro and bots during execution may be unstable. Close applications that are not being used, increase the memory, or optimize the workflow.

[2023-10-31T19:25:56.729Z] : [success]: Bot started

[2023-10-31T19:25:56.731Z] : [info]: Robot start

[2023-10-31T19:26:20.382Z] : [success]: Bot finished successfully, total execution time: 23s 647ms

[2023-10-31T19:26:20.385Z] : [info]: ---------------------------------------------

[2023-10-31T19:26:47.735Z] : [success]: Bot started

[2023-10-31T19:26:47.736Z] : [info]: Robot start

[2023-10-31T19:27:02.016Z] : [error]: No elements were found according to your selection. It may happen because of a wrong selector or because the element takes more time to appear on the screen. Try modifying the selector or increasing the element timeout and run the bot again.

[2023-10-31T19:27:02.440Z] : [info]: Total execution time: 14s 278ms

[2023-10-31T19:27:02.442Z] : [info]: ---------------------------------------------

[2023-10-31T19:27:59.635Z] : [info]: ---------------------------------------------

[2023-10-31T19:27:59.637Z] : [success]: Bot started

[2023-10-31T19:27:59.638Z] : [info]: Robot start

[2023-10-31T19:28:20.062Z] : [success]: Bot finished successfully, total execution time: 20s 420ms

[2023-10-31T19:28:20.065Z] : [info]: ---------------------------------------------

[2023-11-01T13:04:05.409Z] : [warn]: There is a small amount of free memory (RAM) left, 92.16% of RAM is being used (14794 MBs). The performance of Studio Pro and bots during execution may be unstable. Close applications that are not being used, increase the memory, or optimize the workflow.

