
  ==========================================
  Studio Pro version: 9.6.5
  Started at: 25/10/2023 11:06:57
  ==========================================
  

[2023-10-25T16:11:09.361Z] : [warn]: There is a small amount of free memory (RAM) left, 90.33% of RAM is being used (14501 MBs). The performance of Studio Pro and bots during execution may be unstable. Close applications that are not being used, increase the memory, or optimize the workflow.

[2023-10-25T16:14:09.385Z] : [warn]: There is a small amount of free memory (RAM) left, 91.14% of RAM is being used (14630 MBs). The performance of Studio Pro and bots during execution may be unstable. Close applications that are not being used, increase the memory, or optimize the workflow.

[2023-10-25T16:18:09.380Z] : [warn]: There is a small amount of free memory (RAM) left, 90.97% of RAM is being used (14603 MBs). The performance of Studio Pro and bots during execution may be unstable. Close applications that are not being used, increase the memory, or optimize the workflow.

[2023-10-25T16:19:09.370Z] : [warn]: There is a small amount of free memory (RAM) left, 91.24% of RAM is being used (14647 MBs). The performance of Studio Pro and bots during execution may be unstable. Close applications that are not being used, increase the memory, or optimize the workflow.

[2023-10-25T16:24:39.373Z] : [warn]: There is a small amount of free memory (RAM) left, 90.11% of RAM is being used (14465 MBs). The performance of Studio Pro and bots during execution may be unstable. Close applications that are not being used, increase the memory, or optimize the workflow.

[2023-10-25T16:27:39.373Z] : [warn]: There is a small amount of free memory (RAM) left, 90.77% of RAM is being used (14571 MBs). The performance of Studio Pro and bots during execution may be unstable. Close applications that are not being used, increase the memory, or optimize the workflow.

[2023-10-25T16:34:09.381Z] : [warn]: There is a small amount of free memory (RAM) left, 90.68% of RAM is being used (14557 MBs). The performance of Studio Pro and bots during execution may be unstable. Close applications that are not being used, increase the memory, or optimize the workflow.

[2023-10-25T16:44:39.363Z] : [warn]: There is a small amount of free memory (RAM) left, 91.48% of RAM is being used (14686 MBs). The performance of Studio Pro and bots during execution may be unstable. Close applications that are not being used, increase the memory, or optimize the workflow.

[2023-10-25T17:10:09.367Z] : [warn]: There is a small amount of free memory (RAM) left, 90.32% of RAM is being used (14499 MBs). The performance of Studio Pro and bots during execution may be unstable. Close applications that are not being used, increase the memory, or optimize the workflow.

[2023-10-25T18:17:09.379Z] : [warn]: There is a small amount of free memory (RAM) left, 93.94% of RAM is being used (15080 MBs). The performance of Studio Pro and bots during execution may be unstable. Close applications that are not being used, increase the memory, or optimize the workflow.

[2023-10-25T18:20:09.387Z] : [warn]: There is a small amount of free memory (RAM) left, 95.29% of RAM is being used (15297 MBs). The performance of Studio Pro and bots during execution may be unstable. Close applications that are not being used, increase the memory, or optimize the workflow.

[2023-10-25T18:23:09.399Z] : [warn]: There is a small amount of free memory (RAM) left, 91.94% of RAM is being used (14759 MBs). The performance of Studio Pro and bots during execution may be unstable. Close applications that are not being used, increase the memory, or optimize the workflow.

[2023-10-25T18:26:09.411Z] : [warn]: There is a small amount of free memory (RAM) left, 93.9% of RAM is being used (15074 MBs). The performance of Studio Pro and bots during execution may be unstable. Close applications that are not being used, increase the memory, or optimize the workflow.

[2023-10-25T18:29:09.422Z] : [warn]: There is a small amount of free memory (RAM) left, 94.77% of RAM is being used (15214 MBs). The performance of Studio Pro and bots during execution may be unstable. Close applications that are not being used, increase the memory, or optimize the workflow.

[2023-10-25T18:32:09.430Z] : [warn]: There is a small amount of free memory (RAM) left, 94.68% of RAM is being used (15199 MBs). The performance of Studio Pro and bots during execution may be unstable. Close applications that are not being used, increase the memory, or optimize the workflow.

[2023-10-25T18:35:09.439Z] : [warn]: There is a small amount of free memory (RAM) left, 94.64% of RAM is being used (15193 MBs). The performance of Studio Pro and bots during execution may be unstable. Close applications that are not being used, increase the memory, or optimize the workflow.

[2023-10-25T18:38:09.445Z] : [warn]: There is a small amount of free memory (RAM) left, 94% of RAM is being used (15090 MBs). The performance of Studio Pro and bots during execution may be unstable. Close applications that are not being used, increase the memory, or optimize the workflow.

[2023-10-25T18:41:09.448Z] : [warn]: There is a small amount of free memory (RAM) left, 94.72% of RAM is being used (15206 MBs). The performance of Studio Pro and bots during execution may be unstable. Close applications that are not being used, increase the memory, or optimize the workflow.

[2023-10-25T18:44:09.460Z] : [warn]: There is a small amount of free memory (RAM) left, 93.65% of RAM is being used (15034 MBs). The performance of Studio Pro and bots during execution may be unstable. Close applications that are not being used, increase the memory, or optimize the workflow.

[2023-10-25T18:47:09.468Z] : [warn]: There is a small amount of free memory (RAM) left, 92.64% of RAM is being used (14871 MBs). The performance of Studio Pro and bots during execution may be unstable. Close applications that are not being used, increase the memory, or optimize the workflow.

[2023-10-25T18:50:09.473Z] : [warn]: There is a small amount of free memory (RAM) left, 91.22% of RAM is being used (14643 MBs). The performance of Studio Pro and bots during execution may be unstable. Close applications that are not being used, increase the memory, or optimize the workflow.

[2023-10-25T18:53:09.488Z] : [warn]: There is a small amount of free memory (RAM) left, 97.03% of RAM is being used (15576 MBs). The performance of Studio Pro and bots during execution may be unstable. Close applications that are not being used, increase the memory, or optimize the workflow.

[2023-10-25T18:56:09.504Z] : [warn]: There is a small amount of free memory (RAM) left, 94.55% of RAM is being used (15178 MBs). The performance of Studio Pro and bots during execution may be unstable. Close applications that are not being used, increase the memory, or optimize the workflow.

[2023-10-25T18:59:09.510Z] : [warn]: There is a small amount of free memory (RAM) left, 94.7% of RAM is being used (15202 MBs). The performance of Studio Pro and bots during execution may be unstable. Close applications that are not being used, increase the memory, or optimize the workflow.

[2023-10-25T19:02:09.524Z] : [warn]: There is a small amount of free memory (RAM) left, 94.25% of RAM is being used (15130 MBs). The performance of Studio Pro and bots during execution may be unstable. Close applications that are not being used, increase the memory, or optimize the workflow.

[2023-10-25T19:24:34.096Z] : [error]: Activity parameters required: Get element value

[2023-10-25T19:24:34.475Z] : [info]: ---------------------------------------------

[2023-10-25T20:04:09.375Z] : [warn]: There is a small amount of free memory (RAM) left, 93.73% of RAM is being used (15046 MBs). The performance of Studio Pro and bots during execution may be unstable. Close applications that are not being used, increase the memory, or optimize the workflow.

[2023-10-25T20:07:09.377Z] : [warn]: There is a small amount of free memory (RAM) left, 95.55% of RAM is being used (15338 MBs). The performance of Studio Pro and bots during execution may be unstable. Close applications that are not being used, increase the memory, or optimize the workflow.

[2023-10-25T20:12:39.373Z] : [warn]: There is a small amount of free memory (RAM) left, 90.89% of RAM is being used (14590 MBs). The performance of Studio Pro and bots during execution may be unstable. Close applications that are not being used, increase the memory, or optimize the workflow.

[2023-10-25T20:17:09.379Z] : [warn]: There is a small amount of free memory (RAM) left, 93.35% of RAM is being used (14986 MBs). The performance of Studio Pro and bots during execution may be unstable. Close applications that are not being used, increase the memory, or optimize the workflow.

[2023-10-25T20:20:09.389Z] : [warn]: There is a small amount of free memory (RAM) left, 94.11% of RAM is being used (15108 MBs). The performance of Studio Pro and bots during execution may be unstable. Close applications that are not being used, increase the memory, or optimize the workflow.

[2023-10-25T20:23:09.397Z] : [warn]: There is a small amount of free memory (RAM) left, 90.64% of RAM is being used (14550 MBs). The performance of Studio Pro and bots during execution may be unstable. Close applications that are not being used, increase the memory, or optimize the workflow.

[2023-10-25T20:31:39.369Z] : [warn]: There is a small amount of free memory (RAM) left, 90.23% of RAM is being used (14484 MBs). The performance of Studio Pro and bots during execution may be unstable. Close applications that are not being used, increase the memory, or optimize the workflow.

[2023-10-25T20:33:09.371Z] : [warn]: There is a small amount of free memory (RAM) left, 91.39% of RAM is being used (14671 MBs). The performance of Studio Pro and bots during execution may be unstable. Close applications that are not being used, increase the memory, or optimize the workflow.

[2023-10-25T20:35:09.376Z] : [warn]: There is a small amount of free memory (RAM) left, 91.36% of RAM is being used (14666 MBs). The performance of Studio Pro and bots during execution may be unstable. Close applications that are not being used, increase the memory, or optimize the workflow.

[2023-10-25T20:37:09.376Z] : [warn]: There is a small amount of free memory (RAM) left, 93.07% of RAM is being used (14940 MBs). The performance of Studio Pro and bots during execution may be unstable. Close applications that are not being used, increase the memory, or optimize the workflow.

[2023-10-25T20:40:09.384Z] : [warn]: There is a small amount of free memory (RAM) left, 91.93% of RAM is being used (14757 MBs). The performance of Studio Pro and bots during execution may be unstable. Close applications that are not being used, increase the memory, or optimize the workflow.

[2023-10-25T20:43:09.389Z] : [warn]: There is a small amount of free memory (RAM) left, 90.66% of RAM is being used (14553 MBs). The performance of Studio Pro and bots during execution may be unstable. Close applications that are not being used, increase the memory, or optimize the workflow.

[2023-10-25T20:46:09.371Z] : [warn]: There is a small amount of free memory (RAM) left, 90.44% of RAM is being used (14518 MBs). The performance of Studio Pro and bots during execution may be unstable. Close applications that are not being used, increase the memory, or optimize the workflow.

[2023-10-25T20:50:09.369Z] : [warn]: There is a small amount of free memory (RAM) left, 90.39% of RAM is being used (14511 MBs). The performance of Studio Pro and bots during execution may be unstable. Close applications that are not being used, increase the memory, or optimize the workflow.

[2023-10-25T20:51:09.370Z] : [warn]: There is a small amount of free memory (RAM) left, 91.31% of RAM is being used (14658 MBs). The performance of Studio Pro and bots during execution may be unstable. Close applications that are not being used, increase the memory, or optimize the workflow.

[2023-10-25T20:54:09.382Z] : [warn]: There is a small amount of free memory (RAM) left, 90.64% of RAM is being used (14551 MBs). The performance of Studio Pro and bots during execution may be unstable. Close applications that are not being used, increase the memory, or optimize the workflow.

[2023-10-25T20:56:39.368Z] : [warn]: There is a small amount of free memory (RAM) left, 90.46% of RAM is being used (14522 MBs). The performance of Studio Pro and bots during execution may be unstable. Close applications that are not being used, increase the memory, or optimize the workflow.

[2023-10-25T20:59:39.370Z] : [warn]: There is a small amount of free memory (RAM) left, 93.19% of RAM is being used (14960 MBs). The performance of Studio Pro and bots during execution may be unstable. Close applications that are not being used, increase the memory, or optimize the workflow.

[2023-10-25T21:02:39.380Z] : [warn]: There is a small amount of free memory (RAM) left, 90.83% of RAM is being used (14581 MBs). The performance of Studio Pro and bots during execution may be unstable. Close applications that are not being used, increase the memory, or optimize the workflow.

[2023-10-25T23:01:09.372Z] : [warn]: There is a small amount of free memory (RAM) left, 94.85% of RAM is being used (15226 MBs). The performance of Studio Pro and bots during execution may be unstable. Close applications that are not being used, increase the memory, or optimize the workflow.

[2023-10-25T23:04:09.381Z] : [warn]: There is a small amount of free memory (RAM) left, 93.27% of RAM is being used (14973 MBs). The performance of Studio Pro and bots during execution may be unstable. Close applications that are not being used, increase the memory, or optimize the workflow.

[2023-10-25T23:42:39.361Z] : [warn]: There is a small amount of free memory (RAM) left, 90.87% of RAM is being used (14587 MBs). The performance of Studio Pro and bots during execution may be unstable. Close applications that are not being used, increase the memory, or optimize the workflow.

[2023-10-25T23:44:39.363Z] : [warn]: There is a small amount of free memory (RAM) left, 96.3% of RAM is being used (15459 MBs). The performance of Studio Pro and bots during execution may be unstable. Close applications that are not being used, increase the memory, or optimize the workflow.

[2023-10-26T12:57:52.058Z] : [warn]: There is a small amount of free memory (RAM) left, 95.91% of RAM is being used (15396 MBs). The performance of Studio Pro and bots during execution may be unstable. Close applications that are not being used, increase the memory, or optimize the workflow.

[2023-10-26T13:00:52.066Z] : [warn]: There is a small amount of free memory (RAM) left, 91.99% of RAM is being used (14767 MBs). The performance of Studio Pro and bots during execution may be unstable. Close applications that are not being used, increase the memory, or optimize the workflow.

[2023-10-26T13:03:52.084Z] : [warn]: There is a small amount of free memory (RAM) left, 90.78% of RAM is being used (14573 MBs). The performance of Studio Pro and bots during execution may be unstable. Close applications that are not being used, increase the memory, or optimize the workflow.

[2023-10-26T13:21:36.493Z] : [warn]: There is a small amount of free memory (RAM) left, 95.03% of RAM is being used (15255 MBs). The performance of Studio Pro and bots during execution may be unstable. Close applications that are not being used, increase the memory, or optimize the workflow.

[2023-10-26T13:24:36.505Z] : [warn]: There is a small amount of free memory (RAM) left, 95.56% of RAM is being used (15341 MBs). The performance of Studio Pro and bots during execution may be unstable. Close applications that are not being used, increase the memory, or optimize the workflow.

[2023-10-26T13:27:36.523Z] : [warn]: There is a small amount of free memory (RAM) left, 91.66% of RAM is being used (14714 MBs). The performance of Studio Pro and bots during execution may be unstable. Close applications that are not being used, increase the memory, or optimize the workflow.

[2023-10-26T13:30:36.527Z] : [warn]: There is a small amount of free memory (RAM) left, 91.38% of RAM is being used (14670 MBs). The performance of Studio Pro and bots during execution may be unstable. Close applications that are not being used, increase the memory, or optimize the workflow.

[2023-10-26T13:33:36.531Z] : [warn]: There is a small amount of free memory (RAM) left, 92.38% of RAM is being used (14830 MBs). The performance of Studio Pro and bots during execution may be unstable. Close applications that are not being used, increase the memory, or optimize the workflow.

[2023-10-26T13:37:06.493Z] : [warn]: There is a small amount of free memory (RAM) left, 90.15% of RAM is being used (14471 MBs). The performance of Studio Pro and bots during execution may be unstable. Close applications that are not being used, increase the memory, or optimize the workflow.

[2023-10-26T13:40:06.496Z] : [warn]: There is a small amount of free memory (RAM) left, 92.92% of RAM is being used (14916 MBs). The performance of Studio Pro and bots during execution may be unstable. Close applications that are not being used, increase the memory, or optimize the workflow.

[2023-10-26T13:43:06.502Z] : [warn]: There is a small amount of free memory (RAM) left, 93.56% of RAM is being used (15019 MBs). The performance of Studio Pro and bots during execution may be unstable. Close applications that are not being used, increase the memory, or optimize the workflow.

[2023-10-26T13:51:06.501Z] : [warn]: There is a small amount of free memory (RAM) left, 92.7% of RAM is being used (14881 MBs). The performance of Studio Pro and bots during execution may be unstable. Close applications that are not being used, increase the memory, or optimize the workflow.

[2023-10-26T13:54:06.519Z] : [warn]: There is a small amount of free memory (RAM) left, 96.29% of RAM is being used (15457 MBs). The performance of Studio Pro and bots during execution may be unstable. Close applications that are not being used, increase the memory, or optimize the workflow.

[2023-10-26T13:57:06.527Z] : [warn]: There is a small amount of free memory (RAM) left, 96.76% of RAM is being used (15533 MBs). The performance of Studio Pro and bots during execution may be unstable. Close applications that are not being used, increase the memory, or optimize the workflow.

[2023-10-26T14:00:06.543Z] : [warn]: There is a small amount of free memory (RAM) left, 97.03% of RAM is being used (15576 MBs). The performance of Studio Pro and bots during execution may be unstable. Close applications that are not being used, increase the memory, or optimize the workflow.

[2023-10-26T14:03:06.560Z] : [warn]: There is a small amount of free memory (RAM) left, 94.08% of RAM is being used (15102 MBs). The performance of Studio Pro and bots during execution may be unstable. Close applications that are not being used, increase the memory, or optimize the workflow.

[2023-10-26T14:06:06.577Z] : [warn]: There is a small amount of free memory (RAM) left, 90.92% of RAM is being used (14595 MBs). The performance of Studio Pro and bots during execution may be unstable. Close applications that are not being used, increase the memory, or optimize the workflow.

[2023-10-26T14:09:06.593Z] : [warn]: There is a small amount of free memory (RAM) left, 90.57% of RAM is being used (14540 MBs). The performance of Studio Pro and bots during execution may be unstable. Close applications that are not being used, increase the memory, or optimize the workflow.

[2023-10-26T14:14:36.492Z] : [warn]: There is a small amount of free memory (RAM) left, 90.61% of RAM is being used (14545 MBs). The performance of Studio Pro and bots during execution may be unstable. Close applications that are not being used, increase the memory, or optimize the workflow.

[2023-10-26T14:21:06.485Z] : [warn]: There is a small amount of free memory (RAM) left, 90.77% of RAM is being used (14572 MBs). The performance of Studio Pro and bots during execution may be unstable. Close applications that are not being used, increase the memory, or optimize the workflow.

[2023-10-26T14:22:06.490Z] : [warn]: There is a small amount of free memory (RAM) left, 90.99% of RAM is being used (14607 MBs). The performance of Studio Pro and bots during execution may be unstable. Close applications that are not being used, increase the memory, or optimize the workflow.

[2023-10-26T14:25:06.495Z] : [warn]: There is a small amount of free memory (RAM) left, 95.88% of RAM is being used (15391 MBs). The performance of Studio Pro and bots during execution may be unstable. Close applications that are not being used, increase the memory, or optimize the workflow.

[2023-10-26T14:28:06.499Z] : [warn]: There is a small amount of free memory (RAM) left, 93.05% of RAM is being used (14938 MBs). The performance of Studio Pro and bots during execution may be unstable. Close applications that are not being used, increase the memory, or optimize the workflow.

[2023-10-26T14:31:06.510Z] : [warn]: There is a small amount of free memory (RAM) left, 94.18% of RAM is being used (15119 MBs). The performance of Studio Pro and bots during execution may be unstable. Close applications that are not being used, increase the memory, or optimize the workflow.

[2023-10-26T14:34:06.529Z] : [warn]: There is a small amount of free memory (RAM) left, 93.14% of RAM is being used (14952 MBs). The performance of Studio Pro and bots during execution may be unstable. Close applications that are not being used, increase the memory, or optimize the workflow.

[2023-10-26T14:37:36.490Z] : [warn]: There is a small amount of free memory (RAM) left, 90.13% of RAM is being used (14469 MBs). The performance of Studio Pro and bots during execution may be unstable. Close applications that are not being used, increase the memory, or optimize the workflow.

[2023-10-26T14:40:06.501Z] : [warn]: There is a small amount of free memory (RAM) left, 90.77% of RAM is being used (14571 MBs). The performance of Studio Pro and bots during execution may be unstable. Close applications that are not being used, increase the memory, or optimize the workflow.

[2023-10-26T15:06:06.490Z] : [warn]: There is a small amount of free memory (RAM) left, 90.33% of RAM is being used (14501 MBs). The performance of Studio Pro and bots during execution may be unstable. Close applications that are not being used, increase the memory, or optimize the workflow.

[2023-10-26T15:07:36.496Z] : [warn]: There is a small amount of free memory (RAM) left, 91.23% of RAM is being used (14645 MBs). The performance of Studio Pro and bots during execution may be unstable. Close applications that are not being used, increase the memory, or optimize the workflow.

[2023-10-26T17:35:06.507Z] : [warn]: There is a small amount of free memory (RAM) left, 91.39% of RAM is being used (14671 MBs). The performance of Studio Pro and bots during execution may be unstable. Close applications that are not being used, increase the memory, or optimize the workflow.

[2023-10-26T17:38:06.521Z] : [warn]: There is a small amount of free memory (RAM) left, 90.53% of RAM is being used (14532 MBs). The performance of Studio Pro and bots during execution may be unstable. Close applications that are not being used, increase the memory, or optimize the workflow.

[2023-10-26T17:44:06.496Z] : [warn]: There is a small amount of free memory (RAM) left, 90.02% of RAM is being used (14451 MBs). The performance of Studio Pro and bots during execution may be unstable. Close applications that are not being used, increase the memory, or optimize the workflow.

[2023-10-26T18:21:06.487Z] : [warn]: There is a small amount of free memory (RAM) left, 90.21% of RAM is being used (14482 MBs). The performance of Studio Pro and bots during execution may be unstable. Close applications that are not being used, increase the memory, or optimize the workflow.

[2023-10-26T18:23:36.485Z] : [warn]: There is a small amount of free memory (RAM) left, 90.53% of RAM is being used (14532 MBs). The performance of Studio Pro and bots during execution may be unstable. Close applications that are not being used, increase the memory, or optimize the workflow.

[2023-10-26T18:26:36.492Z] : [warn]: There is a small amount of free memory (RAM) left, 95.22% of RAM is being used (15285 MBs). The performance of Studio Pro and bots during execution may be unstable. Close applications that are not being used, increase the memory, or optimize the workflow.

[2023-10-26T18:29:36.504Z] : [warn]: There is a small amount of free memory (RAM) left, 97.51% of RAM is being used (15653 MBs). The performance of Studio Pro and bots during execution may be unstable. Close applications that are not being used, increase the memory, or optimize the workflow.

[2023-10-26T18:32:36.520Z] : [warn]: There is a small amount of free memory (RAM) left, 95.1% of RAM is being used (15266 MBs). The performance of Studio Pro and bots during execution may be unstable. Close applications that are not being used, increase the memory, or optimize the workflow.

[2023-10-26T18:35:36.554Z] : [warn]: There is a small amount of free memory (RAM) left, 95.13% of RAM is being used (15271 MBs). The performance of Studio Pro and bots during execution may be unstable. Close applications that are not being used, increase the memory, or optimize the workflow.

[2023-10-26T18:38:36.564Z] : [warn]: There is a small amount of free memory (RAM) left, 92.62% of RAM is being used (14868 MBs). The performance of Studio Pro and bots during execution may be unstable. Close applications that are not being used, increase the memory, or optimize the workflow.

[2023-10-26T18:41:36.575Z] : [warn]: There is a small amount of free memory (RAM) left, 93.68% of RAM is being used (15038 MBs). The performance of Studio Pro and bots during execution may be unstable. Close applications that are not being used, increase the memory, or optimize the workflow.

[2023-10-26T18:44:36.588Z] : [warn]: There is a small amount of free memory (RAM) left, 94.06% of RAM is being used (15100 MBs). The performance of Studio Pro and bots during execution may be unstable. Close applications that are not being used, increase the memory, or optimize the workflow.

[2023-10-26T18:47:36.614Z] : [warn]: There is a small amount of free memory (RAM) left, 94.01% of RAM is being used (15092 MBs). The performance of Studio Pro and bots during execution may be unstable. Close applications that are not being used, increase the memory, or optimize the workflow.

[2023-10-26T18:50:36.634Z] : [warn]: There is a small amount of free memory (RAM) left, 92.79% of RAM is being used (14895 MBs). The performance of Studio Pro and bots during execution may be unstable. Close applications that are not being used, increase the memory, or optimize the workflow.

[2023-10-26T18:53:36.649Z] : [warn]: There is a small amount of free memory (RAM) left, 91.61% of RAM is being used (14706 MBs). The performance of Studio Pro and bots during execution may be unstable. Close applications that are not being used, increase the memory, or optimize the workflow.

[2023-10-26T18:56:36.658Z] : [warn]: There is a small amount of free memory (RAM) left, 95.05% of RAM is being used (15259 MBs). The performance of Studio Pro and bots during execution may be unstable. Close applications that are not being used, increase the memory, or optimize the workflow.

[2023-10-26T18:59:36.674Z] : [warn]: There is a small amount of free memory (RAM) left, 94.52% of RAM is being used (15174 MBs). The performance of Studio Pro and bots during execution may be unstable. Close applications that are not being used, increase the memory, or optimize the workflow.

[2023-10-26T19:02:36.483Z] : [warn]: There is a small amount of free memory (RAM) left, 91.28% of RAM is being used (14653 MBs). The performance of Studio Pro and bots during execution may be unstable. Close applications that are not being used, increase the memory, or optimize the workflow.

[2023-10-26T19:05:36.487Z] : [warn]: There is a small amount of free memory (RAM) left, 91.33% of RAM is being used (14662 MBs). The performance of Studio Pro and bots during execution may be unstable. Close applications that are not being used, increase the memory, or optimize the workflow.

[2023-10-26T19:14:06.493Z] : [warn]: There is a small amount of free memory (RAM) left, 90.79% of RAM is being used (14574 MBs). The performance of Studio Pro and bots during execution may be unstable. Close applications that are not being used, increase the memory, or optimize the workflow.

[2023-10-26T19:17:06.501Z] : [warn]: There is a small amount of free memory (RAM) left, 92.56% of RAM is being used (14858 MBs). The performance of Studio Pro and bots during execution may be unstable. Close applications that are not being used, increase the memory, or optimize the workflow.

[2023-10-26T19:21:06.492Z] : [warn]: There is a small amount of free memory (RAM) left, 90.43% of RAM is being used (14517 MBs). The performance of Studio Pro and bots during execution may be unstable. Close applications that are not being used, increase the memory, or optimize the workflow.

[2023-10-26T19:24:06.497Z] : [warn]: There is a small amount of free memory (RAM) left, 90.9% of RAM is being used (14592 MBs). The performance of Studio Pro and bots during execution may be unstable. Close applications that are not being used, increase the memory, or optimize the workflow.

[2023-10-26T19:27:06.503Z] : [warn]: There is a small amount of free memory (RAM) left, 92.32% of RAM is being used (14820 MBs). The performance of Studio Pro and bots during execution may be unstable. Close applications that are not being used, increase the memory, or optimize the workflow.

[2023-10-26T19:40:36.491Z] : [warn]: There is a small amount of free memory (RAM) left, 90.9% of RAM is being used (14592 MBs). The performance of Studio Pro and bots during execution may be unstable. Close applications that are not being used, increase the memory, or optimize the workflow.

[2023-10-26T19:43:36.495Z] : [warn]: There is a small amount of free memory (RAM) left, 91.73% of RAM is being used (14725 MBs). The performance of Studio Pro and bots during execution may be unstable. Close applications that are not being used, increase the memory, or optimize the workflow.

[2023-10-26T19:46:36.503Z] : [warn]: There is a small amount of free memory (RAM) left, 90.48% of RAM is being used (14524 MBs). The performance of Studio Pro and bots during execution may be unstable. Close applications that are not being used, increase the memory, or optimize the workflow.

[2023-10-26T19:48:06.490Z] : [warn]: There is a small amount of free memory (RAM) left, 93.92% of RAM is being used (15077 MBs). The performance of Studio Pro and bots during execution may be unstable. Close applications that are not being used, increase the memory, or optimize the workflow.

[2023-10-26T19:51:06.499Z] : [warn]: There is a small amount of free memory (RAM) left, 93.93% of RAM is being used (15078 MBs). The performance of Studio Pro and bots during execution may be unstable. Close applications that are not being used, increase the memory, or optimize the workflow.

[2023-10-26T19:58:06.494Z] : [warn]: There is a small amount of free memory (RAM) left, 90.77% of RAM is being used (14572 MBs). The performance of Studio Pro and bots during execution may be unstable. Close applications that are not being used, increase the memory, or optimize the workflow.

[2023-10-26T20:00:06.486Z] : [warn]: There is a small amount of free memory (RAM) left, 91.41% of RAM is being used (14674 MBs). The performance of Studio Pro and bots during execution may be unstable. Close applications that are not being used, increase the memory, or optimize the workflow.

[2023-10-26T20:03:06.502Z] : [warn]: There is a small amount of free memory (RAM) left, 91.17% of RAM is being used (14635 MBs). The performance of Studio Pro and bots during execution may be unstable. Close applications that are not being used, increase the memory, or optimize the workflow.

[2023-10-26T20:22:36.491Z] : [warn]: There is a small amount of free memory (RAM) left, 90.69% of RAM is being used (14559 MBs). The performance of Studio Pro and bots during execution may be unstable. Close applications that are not being used, increase the memory, or optimize the workflow.

[2023-10-26T20:25:36.493Z] : [warn]: There is a small amount of free memory (RAM) left, 91.25% of RAM is being used (14648 MBs). The performance of Studio Pro and bots during execution may be unstable. Close applications that are not being used, increase the memory, or optimize the workflow.

[2023-10-26T20:29:36.482Z] : [warn]: There is a small amount of free memory (RAM) left, 90.99% of RAM is being used (14606 MBs). The performance of Studio Pro and bots during execution may be unstable. Close applications that are not being used, increase the memory, or optimize the workflow.

[2023-10-26T20:32:36.491Z] : [warn]: There is a small amount of free memory (RAM) left, 90.81% of RAM is being used (14578 MBs). The performance of Studio Pro and bots during execution may be unstable. Close applications that are not being used, increase the memory, or optimize the workflow.

[2023-10-26T20:35:36.493Z] : [warn]: There is a small amount of free memory (RAM) left, 92.35% of RAM is being used (14825 MBs). The performance of Studio Pro and bots during execution may be unstable. Close applications that are not being used, increase the memory, or optimize the workflow.

[2023-10-26T20:40:36.482Z] : [warn]: There is a small amount of free memory (RAM) left, 90.24% of RAM is being used (14486 MBs). The performance of Studio Pro and bots during execution may be unstable. Close applications that are not being used, increase the memory, or optimize the workflow.

[2023-10-26T20:42:06.488Z] : [warn]: There is a small amount of free memory (RAM) left, 90.06% of RAM is being used (14458 MBs). The performance of Studio Pro and bots during execution may be unstable. Close applications that are not being used, increase the memory, or optimize the workflow.

[2023-10-26T20:50:36.490Z] : [warn]: There is a small amount of free memory (RAM) left, 90.08% of RAM is being used (14461 MBs). The performance of Studio Pro and bots during execution may be unstable. Close applications that are not being used, increase the memory, or optimize the workflow.

[2023-10-26T20:52:06.493Z] : [warn]: There is a small amount of free memory (RAM) left, 90.09% of RAM is being used (14462 MBs). The performance of Studio Pro and bots during execution may be unstable. Close applications that are not being used, increase the memory, or optimize the workflow.

[2023-10-26T20:53:06.494Z] : [warn]: There is a small amount of free memory (RAM) left, 91.02% of RAM is being used (14611 MBs). The performance of Studio Pro and bots during execution may be unstable. Close applications that are not being used, increase the memory, or optimize the workflow.

[2023-10-26T20:56:06.504Z] : [warn]: There is a small amount of free memory (RAM) left, 91.1% of RAM is being used (14624 MBs). The performance of Studio Pro and bots during execution may be unstable. Close applications that are not being used, increase the memory, or optimize the workflow.

[2023-10-26T20:59:06.512Z] : [warn]: There is a small amount of free memory (RAM) left, 95.26% of RAM is being used (15292 MBs). The performance of Studio Pro and bots during execution may be unstable. Close applications that are not being used, increase the memory, or optimize the workflow.

[2023-10-26T21:02:06.522Z] : [warn]: There is a small amount of free memory (RAM) left, 94.01% of RAM is being used (15091 MBs). The performance of Studio Pro and bots during execution may be unstable. Close applications that are not being used, increase the memory, or optimize the workflow.

[2023-10-26T21:05:06.532Z] : [warn]: There is a small amount of free memory (RAM) left, 93.2% of RAM is being used (14962 MBs). The performance of Studio Pro and bots during execution may be unstable. Close applications that are not being used, increase the memory, or optimize the workflow.

[2023-10-26T21:11:06.507Z] : [warn]: There is a small amount of free memory (RAM) left, 90.36% of RAM is being used (14506 MBs). The performance of Studio Pro and bots during execution may be unstable. Close applications that are not being used, increase the memory, or optimize the workflow.

[2023-10-26T21:13:36.488Z] : [warn]: There is a small amount of free memory (RAM) left, 93.15% of RAM is being used (14953 MBs). The performance of Studio Pro and bots during execution may be unstable. Close applications that are not being used, increase the memory, or optimize the workflow.

[2023-10-26T21:16:36.503Z] : [warn]: There is a small amount of free memory (RAM) left, 93.6% of RAM is being used (15025 MBs). The performance of Studio Pro and bots during execution may be unstable. Close applications that are not being used, increase the memory, or optimize the workflow.

[2023-10-26T21:19:36.509Z] : [warn]: There is a small amount of free memory (RAM) left, 91.17% of RAM is being used (14636 MBs). The performance of Studio Pro and bots during execution may be unstable. Close applications that are not being used, increase the memory, or optimize the workflow.

[2023-10-26T21:23:06.492Z] : [warn]: There is a small amount of free memory (RAM) left, 90.39% of RAM is being used (14510 MBs). The performance of Studio Pro and bots during execution may be unstable. Close applications that are not being used, increase the memory, or optimize the workflow.

[2023-10-26T21:28:06.497Z] : [warn]: There is a small amount of free memory (RAM) left, 90.75% of RAM is being used (14568 MBs). The performance of Studio Pro and bots during execution may be unstable. Close applications that are not being used, increase the memory, or optimize the workflow.

[2023-10-26T21:31:06.513Z] : [warn]: There is a small amount of free memory (RAM) left, 93.52% of RAM is being used (15013 MBs). The performance of Studio Pro and bots during execution may be unstable. Close applications that are not being used, increase the memory, or optimize the workflow.

[2023-10-26T21:46:06.488Z] : [warn]: There is a small amount of free memory (RAM) left, 90.83% of RAM is being used (14581 MBs). The performance of Studio Pro and bots during execution may be unstable. Close applications that are not being used, increase the memory, or optimize the workflow.

[2023-10-26T21:56:06.499Z] : [warn]: There is a small amount of free memory (RAM) left, 91.05% of RAM is being used (14617 MBs). The performance of Studio Pro and bots during execution may be unstable. Close applications that are not being used, increase the memory, or optimize the workflow.

[2023-10-26T21:58:36.486Z] : [warn]: There is a small amount of free memory (RAM) left, 92.03% of RAM is being used (14773 MBs). The performance of Studio Pro and bots during execution may be unstable. Close applications that are not being used, increase the memory, or optimize the workflow.

[2023-10-26T22:01:36.494Z] : [warn]: There is a small amount of free memory (RAM) left, 92.09% of RAM is being used (14784 MBs). The performance of Studio Pro and bots during execution may be unstable. Close applications that are not being used, increase the memory, or optimize the workflow.

[2023-10-26T23:25:06.497Z] : [warn]: There is a small amount of free memory (RAM) left, 91.63% of RAM is being used (14710 MBs). The performance of Studio Pro and bots during execution may be unstable. Close applications that are not being used, increase the memory, or optimize the workflow.

[2023-10-26T23:27:36.497Z] : [warn]: There is a small amount of free memory (RAM) left, 93.54% of RAM is being used (15016 MBs). The performance of Studio Pro and bots during execution may be unstable. Close applications that are not being used, increase the memory, or optimize the workflow.

[2023-10-26T23:30:36.509Z] : [warn]: There is a small amount of free memory (RAM) left, 92.76% of RAM is being used (14891 MBs). The performance of Studio Pro and bots during execution may be unstable. Close applications that are not being used, increase the memory, or optimize the workflow.

[2023-10-26T23:33:36.520Z] : [warn]: There is a small amount of free memory (RAM) left, 91.9% of RAM is being used (14752 MBs). The performance of Studio Pro and bots during execution may be unstable. Close applications that are not being used, increase the memory, or optimize the workflow.

[2023-10-26T23:37:36.484Z] : [warn]: There is a small amount of free memory (RAM) left, 90.56% of RAM is being used (14537 MBs). The performance of Studio Pro and bots during execution may be unstable. Close applications that are not being used, increase the memory, or optimize the workflow.

[2023-10-26T23:40:36.489Z] : [warn]: There is a small amount of free memory (RAM) left, 90.32% of RAM is being used (14499 MBs). The performance of Studio Pro and bots during execution may be unstable. Close applications that are not being used, increase the memory, or optimize the workflow.

[2023-10-26T23:47:06.500Z] : [warn]: There is a small amount of free memory (RAM) left, 90.99% of RAM is being used (14606 MBs). The performance of Studio Pro and bots during execution may be unstable. Close applications that are not being used, increase the memory, or optimize the workflow.

[2023-10-26T23:50:06.506Z] : [warn]: There is a small amount of free memory (RAM) left, 91.7% of RAM is being used (14721 MBs). The performance of Studio Pro and bots during execution may be unstable. Close applications that are not being used, increase the memory, or optimize the workflow.

[2023-10-27T00:27:36.481Z] : [warn]: There is a small amount of free memory (RAM) left, 92.84% of RAM is being used (14904 MBs). The performance of Studio Pro and bots during execution may be unstable. Close applications that are not being used, increase the memory, or optimize the workflow.

[2023-10-27T01:02:36.497Z] : [warn]: There is a small amount of free memory (RAM) left, 90.48% of RAM is being used (14524 MBs). The performance of Studio Pro and bots during execution may be unstable. Close applications that are not being used, increase the memory, or optimize the workflow.

[2023-10-27T01:05:36.482Z] : [warn]: There is a small amount of free memory (RAM) left, 92.19% of RAM is being used (14800 MBs). The performance of Studio Pro and bots during execution may be unstable. Close applications that are not being used, increase the memory, or optimize the workflow.

[2023-10-27T01:08:36.497Z] : [warn]: There is a small amount of free memory (RAM) left, 90.38% of RAM is being used (14509 MBs). The performance of Studio Pro and bots during execution may be unstable. Close applications that are not being used, increase the memory, or optimize the workflow.

[2023-10-27T01:14:36.482Z] : [warn]: There is a small amount of free memory (RAM) left, 93.15% of RAM is being used (14954 MBs). The performance of Studio Pro and bots during execution may be unstable. Close applications that are not being used, increase the memory, or optimize the workflow.

[2023-10-27T01:17:36.495Z] : [warn]: There is a small amount of free memory (RAM) left, 91.12% of RAM is being used (14627 MBs). The performance of Studio Pro and bots during execution may be unstable. Close applications that are not being used, increase the memory, or optimize the workflow.

[2023-10-27T01:20:36.501Z] : [warn]: There is a small amount of free memory (RAM) left, 96.81% of RAM is being used (15541 MBs). The performance of Studio Pro and bots during execution may be unstable. Close applications that are not being used, increase the memory, or optimize the workflow.

[2023-10-27T01:23:36.519Z] : [warn]: There is a small amount of free memory (RAM) left, 92.98% of RAM is being used (14926 MBs). The performance of Studio Pro and bots during execution may be unstable. Close applications that are not being used, increase the memory, or optimize the workflow.

[2023-10-27T01:28:06.504Z] : [warn]: There is a small amount of free memory (RAM) left, 92.01% of RAM is being used (14770 MBs). The performance of Studio Pro and bots during execution may be unstable. Close applications that are not being used, increase the memory, or optimize the workflow.

[2023-10-27T01:31:06.516Z] : [warn]: There is a small amount of free memory (RAM) left, 92.56% of RAM is being used (14859 MBs). The performance of Studio Pro and bots during execution may be unstable. Close applications that are not being used, increase the memory, or optimize the workflow.

[2023-10-27T01:34:06.527Z] : [warn]: There is a small amount of free memory (RAM) left, 90.86% of RAM is being used (14586 MBs). The performance of Studio Pro and bots during execution may be unstable. Close applications that are not being used, increase the memory, or optimize the workflow.

[2023-10-27T01:52:06.498Z] : [warn]: There is a small amount of free memory (RAM) left, 91.38% of RAM is being used (14669 MBs). The performance of Studio Pro and bots during execution may be unstable. Close applications that are not being used, increase the memory, or optimize the workflow.

[2023-10-27T12:50:23.938Z] : [warn]: There is a small amount of free memory (RAM) left, 93.58% of RAM is being used (15023 MBs). The performance of Studio Pro and bots during execution may be unstable. Close applications that are not being used, increase the memory, or optimize the workflow.

[2023-10-27T12:59:03.512Z] : [warn]: There is a small amount of free memory (RAM) left, 90.46% of RAM is being used (14522 MBs). The performance of Studio Pro and bots during execution may be unstable. Close applications that are not being used, increase the memory, or optimize the workflow.

[2023-10-27T13:15:33.502Z] : [warn]: There is a small amount of free memory (RAM) left, 91.39% of RAM is being used (14671 MBs). The performance of Studio Pro and bots during execution may be unstable. Close applications that are not being used, increase the memory, or optimize the workflow.

[2023-10-27T13:23:33.500Z] : [warn]: There is a small amount of free memory (RAM) left, 91.36% of RAM is being used (14666 MBs). The performance of Studio Pro and bots during execution may be unstable. Close applications that are not being used, increase the memory, or optimize the workflow.

[2023-10-27T13:30:33.507Z] : [warn]: There is a small amount of free memory (RAM) left, 90.48% of RAM is being used (14524 MBs). The performance of Studio Pro and bots during execution may be unstable. Close applications that are not being used, increase the memory, or optimize the workflow.

[2023-10-27T13:43:03.510Z] : [warn]: There is a small amount of free memory (RAM) left, 90.46% of RAM is being used (14522 MBs). The performance of Studio Pro and bots during execution may be unstable. Close applications that are not being used, increase the memory, or optimize the workflow.

[2023-10-27T14:24:03.540Z] : [warn]: There is a small amount of free memory (RAM) left, 91.48% of RAM is being used (14686 MBs). The performance of Studio Pro and bots during execution may be unstable. Close applications that are not being used, increase the memory, or optimize the workflow.

[2023-10-27T14:55:03.515Z] : [warn]: There is a small amount of free memory (RAM) left, 91.07% of RAM is being used (14619 MBs). The performance of Studio Pro and bots during execution may be unstable. Close applications that are not being used, increase the memory, or optimize the workflow.

[2023-10-27T14:57:33.495Z] : [warn]: There is a small amount of free memory (RAM) left, 90.41% of RAM is being used (14514 MBs). The performance of Studio Pro and bots during execution may be unstable. Close applications that are not being used, increase the memory, or optimize the workflow.

[2023-10-27T14:58:33.504Z] : [warn]: There is a small amount of free memory (RAM) left, 92.29% of RAM is being used (14815 MBs). The performance of Studio Pro and bots during execution may be unstable. Close applications that are not being used, increase the memory, or optimize the workflow.

[2023-10-27T15:01:33.512Z] : [warn]: There is a small amount of free memory (RAM) left, 93.75% of RAM is being used (15050 MBs). The performance of Studio Pro and bots during execution may be unstable. Close applications that are not being used, increase the memory, or optimize the workflow.

[2023-10-27T15:04:33.520Z] : [warn]: There is a small amount of free memory (RAM) left, 91.9% of RAM is being used (14753 MBs). The performance of Studio Pro and bots during execution may be unstable. Close applications that are not being used, increase the memory, or optimize the workflow.

[2023-10-27T15:08:03.506Z] : [warn]: There is a small amount of free memory (RAM) left, 90.41% of RAM is being used (14514 MBs). The performance of Studio Pro and bots during execution may be unstable. Close applications that are not being used, increase the memory, or optimize the workflow.

[2023-10-27T15:14:03.507Z] : [warn]: There is a small amount of free memory (RAM) left, 91.52% of RAM is being used (14692 MBs). The performance of Studio Pro and bots during execution may be unstable. Close applications that are not being used, increase the memory, or optimize the workflow.

[2023-10-27T15:17:03.513Z] : [warn]: There is a small amount of free memory (RAM) left, 94.31% of RAM is being used (15140 MBs). The performance of Studio Pro and bots during execution may be unstable. Close applications that are not being used, increase the memory, or optimize the workflow.

[2023-10-27T15:20:03.520Z] : [warn]: There is a small amount of free memory (RAM) left, 95.93% of RAM is being used (15399 MBs). The performance of Studio Pro and bots during execution may be unstable. Close applications that are not being used, increase the memory, or optimize the workflow.

[2023-10-27T15:23:03.529Z] : [warn]: There is a small amount of free memory (RAM) left, 96.52% of RAM is being used (15495 MBs). The performance of Studio Pro and bots during execution may be unstable. Close applications that are not being used, increase the memory, or optimize the workflow.

[2023-10-27T15:26:03.537Z] : [warn]: There is a small amount of free memory (RAM) left, 93.1% of RAM is being used (14946 MBs). The performance of Studio Pro and bots during execution may be unstable. Close applications that are not being used, increase the memory, or optimize the workflow.

[2023-10-27T15:40:03.506Z] : [warn]: There is a small amount of free memory (RAM) left, 90.49% of RAM is being used (14526 MBs). The performance of Studio Pro and bots during execution may be unstable. Close applications that are not being used, increase the memory, or optimize the workflow.

[2023-10-27T15:44:03.588Z] : [warn]: There is a small amount of free memory (RAM) left, 97.4% of RAM is being used (15635 MBs). The performance of Studio Pro and bots during execution may be unstable. Close applications that are not being used, increase the memory, or optimize the workflow.

[2023-10-27T15:47:03.595Z] : [warn]: There is a small amount of free memory (RAM) left, 93.37% of RAM is being used (14989 MBs). The performance of Studio Pro and bots during execution may be unstable. Close applications that are not being used, increase the memory, or optimize the workflow.

[2023-10-27T15:50:03.603Z] : [warn]: There is a small amount of free memory (RAM) left, 96.22% of RAM is being used (15446 MBs). The performance of Studio Pro and bots during execution may be unstable. Close applications that are not being used, increase the memory, or optimize the workflow.

[2023-10-27T15:55:33.494Z] : [warn]: There is a small amount of free memory (RAM) left, 90.26% of RAM is being used (14489 MBs). The performance of Studio Pro and bots during execution may be unstable. Close applications that are not being used, increase the memory, or optimize the workflow.

[2023-10-27T16:15:38.562Z] : [success]: Robot saved successfully

