
  ==========================================
  Studio Pro version: 9.6.5
  Started at: 1/11/2023 09:21:18
  ==========================================
  

[2023-11-01T20:25:12.478Z] : [warn]: There is a small amount of free memory (RAM) left, 90.24% of RAM is being used (14487 MBs). The performance of Studio Pro and bots during execution may be unstable. Close applications that are not being used, increase the memory, or optimize the workflow.

[2023-11-02T14:19:10.214Z] : [info]: Internet connection // error

[2023-11-02T14:19:13.987Z] : [success]: Connection to our licenses server is restored

[2023-11-02T14:49:31.736Z] : [info]: Internet connection // error

[2023-11-02T14:49:34.570Z] : [success]: Connection to our licenses server is restored

[2023-11-02T16:15:03.899Z] : [info]: Internet connection // error

[2023-11-02T16:15:10.409Z] : [success]: Connection to our licenses server is restored

[2023-11-02T16:20:04.423Z] : [info]: Internet connection // error

[2023-11-02T16:20:11.352Z] : [success]: Connection to our licenses server is restored

[2023-11-02T17:23:52.097Z] : [info]: Internet connection // error

[2023-11-02T17:26:16.358Z] : [success]: Connection to our licenses server is restored

[2023-11-02T17:27:34.194Z] : [info]: Internet connection // error

[2023-11-02T17:27:37.411Z] : [success]: Connection to our licenses server is restored

[2023-11-02T17:42:11.091Z] : [info]: Internet connection // error

[2023-11-02T17:42:13.664Z] : [success]: Connection to our licenses server is restored

[2023-11-02T17:58:10.028Z] : [warn]: There is a small amount of free memory (RAM) left, 92.52% of RAM is being used (14852 MBs). The performance of Studio Pro and bots during execution may be unstable. Close applications that are not being used, increase the memory, or optimize the workflow.

[2023-11-02T18:01:10.060Z] : [warn]: There is a small amount of free memory (RAM) left, 94.03% of RAM is being used (15095 MBs). The performance of Studio Pro and bots during execution may be unstable. Close applications that are not being used, increase the memory, or optimize the workflow.

[2023-11-02T19:06:10.006Z] : [warn]: There is a small amount of free memory (RAM) left, 91.5% of RAM is being used (14689 MBs). The performance of Studio Pro and bots during execution may be unstable. Close applications that are not being used, increase the memory, or optimize the workflow.

[2023-11-02T21:03:40.031Z] : [warn]: There is a small amount of free memory (RAM) left, 91.92% of RAM is being used (14756 MBs). The performance of Studio Pro and bots during execution may be unstable. Close applications that are not being used, increase the memory, or optimize the workflow.

[2023-11-02T21:07:40.004Z] : [warn]: There is a small amount of free memory (RAM) left, 90.16% of RAM is being used (14474 MBs). The performance of Studio Pro and bots during execution may be unstable. Close applications that are not being used, increase the memory, or optimize the workflow.

[2023-11-02T23:28:16.082Z] : [info]: Internet connection // error

[2023-11-02T23:30:03.202Z] : [success]: Connection to our licenses server is restored

[2023-11-02T23:32:44.620Z] : [info]: Internet connection // error

[2023-11-02T23:32:48.156Z] : [success]: Connection to our licenses server is restored

[2023-11-02T23:34:10.331Z] : [info]: Internet connection // error

[2023-11-02T23:34:14.425Z] : [success]: Connection to our licenses server is restored

[2023-11-02T23:37:55.508Z] : [info]: Internet connection // error

[2023-11-02T23:38:05.449Z] : [success]: Connection to our licenses server is restored

[2023-11-02T23:39:30.079Z] : [info]: Internet connection // error

[2023-11-02T23:39:39.612Z] : [success]: Connection to our licenses server is restored

[2023-11-02T23:40:10.566Z] : [info]: Internet connection // error

[2023-11-02T23:40:13.297Z] : [success]: Connection to our licenses server is restored

[2023-11-02T23:41:36.278Z] : [info]: Internet connection // error

[2023-11-02T23:41:38.564Z] : [success]: Connection to our licenses server is restored

[2023-11-02T23:43:00.669Z] : [info]: Internet connection // error

[2023-11-02T23:43:04.334Z] : [success]: Connection to our licenses server is restored

[2023-11-02T23:45:12.347Z] : [info]: Internet connection // error

[2023-11-02T23:45:16.200Z] : [success]: Connection to our licenses server is restored

[2023-11-02T23:48:03.051Z] : [info]: Internet connection // error

[2023-11-02T23:48:07.628Z] : [success]: Connection to our licenses server is restored

[2023-11-02T23:50:40.006Z] : [warn]: There is a small amount of free memory (RAM) left, 91.92% of RAM is being used (14756 MBs). The performance of Studio Pro and bots during execution may be unstable. Close applications that are not being used, increase the memory, or optimize the workflow.

[2023-11-02T23:51:51.191Z] : [info]: Internet connection // error

[2023-11-02T23:51:55.263Z] : [success]: Connection to our licenses server is restored

[2023-11-02T23:53:46.368Z] : [info]: Internet connection // error

[2023-11-02T23:54:26.274Z] : [success]: Connection to our licenses server is restored

[2023-11-02T23:57:14.242Z] : [info]: Internet connection // error

[2023-11-02T23:57:22.077Z] : [success]: Connection to our licenses server is restored

[2023-11-03T00:04:53.037Z] : [info]: Internet connection // error

[2023-11-03T00:04:58.630Z] : [success]: Connection to our licenses server is restored

[2023-11-03T00:08:15.803Z] : [info]: Internet connection // error

[2023-11-03T00:08:21.119Z] : [success]: Connection to our licenses server is restored

[2023-11-03T00:12:28.194Z] : [info]: Internet connection // error

[2023-11-03T00:12:47.534Z] : [success]: Connection to our licenses server is restored

[2023-11-03T00:16:31.098Z] : [info]: Internet connection // error

[2023-11-03T00:16:35.634Z] : [success]: Connection to our licenses server is restored

[2023-11-03T00:17:07.472Z] : [info]: Internet connection // error

[2023-11-03T00:17:16.560Z] : [success]: Connection to our licenses server is restored

[2023-11-03T00:17:48.075Z] : [info]: Internet connection // error

[2023-11-03T00:17:56.447Z] : [success]: Connection to our licenses server is restored

[2023-11-03T00:20:37.899Z] : [info]: Internet connection // error

[2023-11-03T00:20:44.372Z] : [success]: Connection to our licenses server is restored

[2023-11-03T00:22:46.728Z] : [info]: Internet connection // error

[2023-11-03T00:22:50.416Z] : [success]: Connection to our licenses server is restored

[2023-11-03T00:23:22.028Z] : [info]: Internet connection // error

[2023-11-03T00:23:38.731Z] : [success]: Connection to our licenses server is restored

[2023-11-03T00:24:10.340Z] : [info]: Internet connection // error

[2023-11-03T00:24:15.293Z] : [success]: Connection to our licenses server is restored

[2023-11-03T00:24:47.259Z] : [info]: Internet connection // error

[2023-11-03T00:24:49.614Z] : [success]: Connection to our licenses server is restored

[2023-11-03T00:30:48.224Z] : [info]: Internet connection // error

[2023-11-03T00:31:02.773Z] : [success]: Connection to our licenses server is restored

[2023-11-03T00:35:15.283Z] : [info]: Internet connection // error

[2023-11-03T00:35:18.005Z] : [success]: Connection to our licenses server is restored

[2023-11-03T00:37:30.220Z] : [info]: Internet connection // error

[2023-11-03T00:37:34.121Z] : [success]: Connection to our licenses server is restored

[2023-11-03T13:08:04.921Z] : [warn]: There is a small amount of free memory (RAM) left, 91.47% of RAM is being used (14683 MBs). The performance of Studio Pro and bots during execution may be unstable. Close applications that are not being used, increase the memory, or optimize the workflow.

[2023-11-03T13:08:30.239Z] : [info]: Internet connection // error

[2023-11-03T13:08:41.447Z] : [success]: Connection to our licenses server is restored

[2023-11-03T13:11:04.991Z] : [warn]: There is a small amount of free memory (RAM) left, 95.1% of RAM is being used (15266 MBs). The performance of Studio Pro and bots during execution may be unstable. Close applications that are not being used, increase the memory, or optimize the workflow.

[2023-11-03T13:14:05.017Z] : [warn]: There is a small amount of free memory (RAM) left, 91.38% of RAM is being used (14670 MBs). The performance of Studio Pro and bots during execution may be unstable. Close applications that are not being used, increase the memory, or optimize the workflow.

[2023-11-03T15:19:04.921Z] : [warn]: There is a small amount of free memory (RAM) left, 90.09% of RAM is being used (14462 MBs). The performance of Studio Pro and bots during execution may be unstable. Close applications that are not being used, increase the memory, or optimize the workflow.

[2023-11-03T15:30:34.939Z] : [warn]: There is a small amount of free memory (RAM) left, 91.64% of RAM is being used (14711 MBs). The performance of Studio Pro and bots during execution may be unstable. Close applications that are not being used, increase the memory, or optimize the workflow.

[2023-11-03T15:44:04.927Z] : [warn]: There is a small amount of free memory (RAM) left, 90.1% of RAM is being used (14464 MBs). The performance of Studio Pro and bots during execution may be unstable. Close applications that are not being used, increase the memory, or optimize the workflow.

[2023-11-03T16:24:34.929Z] : [warn]: There is a small amount of free memory (RAM) left, 90.29% of RAM is being used (14494 MBs). The performance of Studio Pro and bots during execution may be unstable. Close applications that are not being used, increase the memory, or optimize the workflow.

[2023-11-03T16:40:04.938Z] : [warn]: There is a small amount of free memory (RAM) left, 91.78% of RAM is being used (14733 MBs). The performance of Studio Pro and bots during execution may be unstable. Close applications that are not being used, increase the memory, or optimize the workflow.

[2023-11-03T17:13:04.928Z] : [warn]: There is a small amount of free memory (RAM) left, 91.28% of RAM is being used (14653 MBs). The performance of Studio Pro and bots during execution may be unstable. Close applications that are not being used, increase the memory, or optimize the workflow.

[2023-11-03T17:18:04.902Z] : [warn]: There is a small amount of free memory (RAM) left, 90.12% of RAM is being used (14467 MBs). The performance of Studio Pro and bots during execution may be unstable. Close applications that are not being used, increase the memory, or optimize the workflow.

[2023-11-03T17:19:04.900Z] : [warn]: There is a small amount of free memory (RAM) left, 90.62% of RAM is being used (14547 MBs). The performance of Studio Pro and bots during execution may be unstable. Close applications that are not being used, increase the memory, or optimize the workflow.

[2023-11-03T17:24:34.920Z] : [warn]: There is a small amount of free memory (RAM) left, 90.91% of RAM is being used (14593 MBs). The performance of Studio Pro and bots during execution may be unstable. Close applications that are not being used, increase the memory, or optimize the workflow.

[2023-11-03T17:27:34.935Z] : [warn]: There is a small amount of free memory (RAM) left, 90.84% of RAM is being used (14583 MBs). The performance of Studio Pro and bots during execution may be unstable. Close applications that are not being used, increase the memory, or optimize the workflow.

[2023-11-03T17:33:04.902Z] : [warn]: There is a small amount of free memory (RAM) left, 90.2% of RAM is being used (14480 MBs). The performance of Studio Pro and bots during execution may be unstable. Close applications that are not being used, increase the memory, or optimize the workflow.

[2023-11-03T17:36:04.944Z] : [warn]: There is a small amount of free memory (RAM) left, 95.79% of RAM is being used (15377 MBs). The performance of Studio Pro and bots during execution may be unstable. Close applications that are not being used, increase the memory, or optimize the workflow.

[2023-11-03T17:39:04.961Z] : [warn]: There is a small amount of free memory (RAM) left, 96.64% of RAM is being used (15514 MBs). The performance of Studio Pro and bots during execution may be unstable. Close applications that are not being used, increase the memory, or optimize the workflow.

[2023-11-03T17:42:04.985Z] : [warn]: There is a small amount of free memory (RAM) left, 92.25% of RAM is being used (14809 MBs). The performance of Studio Pro and bots during execution may be unstable. Close applications that are not being used, increase the memory, or optimize the workflow.

[2023-11-03T17:45:05.005Z] : [warn]: There is a small amount of free memory (RAM) left, 94.82% of RAM is being used (15221 MBs). The performance of Studio Pro and bots during execution may be unstable. Close applications that are not being used, increase the memory, or optimize the workflow.

[2023-11-03T17:48:05.018Z] : [warn]: There is a small amount of free memory (RAM) left, 96.48% of RAM is being used (15488 MBs). The performance of Studio Pro and bots during execution may be unstable. Close applications that are not being used, increase the memory, or optimize the workflow.

[2023-11-03T17:51:05.044Z] : [warn]: There is a small amount of free memory (RAM) left, 95.81% of RAM is being used (15380 MBs). The performance of Studio Pro and bots during execution may be unstable. Close applications that are not being used, increase the memory, or optimize the workflow.

[2023-11-03T17:54:05.076Z] : [warn]: There is a small amount of free memory (RAM) left, 96.84% of RAM is being used (15545 MBs). The performance of Studio Pro and bots during execution may be unstable. Close applications that are not being used, increase the memory, or optimize the workflow.

[2023-11-03T17:57:05.100Z] : [warn]: There is a small amount of free memory (RAM) left, 95.98% of RAM is being used (15408 MBs). The performance of Studio Pro and bots during execution may be unstable. Close applications that are not being used, increase the memory, or optimize the workflow.

[2023-11-03T18:00:05.117Z] : [warn]: There is a small amount of free memory (RAM) left, 94.3% of RAM is being used (15138 MBs). The performance of Studio Pro and bots during execution may be unstable. Close applications that are not being used, increase the memory, or optimize the workflow.

[2023-11-03T18:01:50.265Z] : [error]: Cannot read properties of null (reading 'type')

